{"/home/eduardo/Área de Trabalho/MERN/app.js": {"path":"/home/eduardo/Área de Trabalho/MERN/app.js","statementMap":{"0":{"start":{"line":1,"column":16},"end":{"line":1,"column":34}},"1":{"start":{"line":2,"column":18},"end":{"line":2,"column":40}},"2":{"start":{"line":4,"column":12},"end":{"line":4,"column":21}},"3":{"start":{"line":6,"column":0},"end":{"line":6,"column":12}},"4":{"start":{"line":8,"column":0},"end":{"line":8,"column":41}},"5":{"start":{"line":10,"column":0},"end":{"line":10,"column":51}},"6":{"start":{"line":10,"column":27},"end":{"line":10,"column":50}},"7":{"start":{"line":12,"column":0},"end":{"line":12,"column":53}},"8":{"start":{"line":13,"column":0},"end":{"line":13,"column":57}},"9":{"start":{"line":14,"column":0},"end":{"line":14,"column":51}},"10":{"start":{"line":15,"column":0},"end":{"line":15,"column":53}},"11":{"start":{"line":17,"column":0},"end":{"line":17,"column":21}}},"fnMap":{"0":{"name":"(anonymous_0)","decl":{"start":{"line":10,"column":13},"end":{"line":10,"column":14}},"loc":{"start":{"line":10,"column":27},"end":{"line":10,"column":50}},"line":10}},"branchMap":{},"s":{"0":1,"1":1,"2":1,"3":1,"4":1,"5":1,"6":1,"7":1,"8":1,"9":1,"10":1,"11":1},"f":{"0":1},"b":{},"_coverageSchema":"1a1c01bbd47fc00a2c39e90264f33305004495a9","hash":"d3e540b0a073b5a3c2eb83cfda51849d55eef570"}
,"/home/eduardo/Área de Trabalho/MERN/config/db.js": {"path":"/home/eduardo/Área de Trabalho/MERN/config/db.js","statementMap":{"0":{"start":{"line":1,"column":17},"end":{"line":1,"column":36}},"1":{"start":{"line":2,"column":15},"end":{"line":2,"column":32}},"2":{"start":{"line":4,"column":11},"end":{"line":4,"column":33}},"3":{"start":{"line":6,"column":18},"end":{"line":20,"column":1}},"4":{"start":{"line":7,"column":4},"end":{"line":19,"column":5}},"5":{"start":{"line":8,"column":8},"end":{"line":12,"column":11}},"6":{"start":{"line":13,"column":8},"end":{"line":13,"column":44}},"7":{"start":{"line":16,"column":8},"end":{"line":16,"column":35}},"8":{"start":{"line":18,"column":8},"end":{"line":18,"column":23}},"9":{"start":{"line":22,"column":0},"end":{"line":22,"column":26}}},"fnMap":{"0":{"name":"(anonymous_0)","decl":{"start":{"line":6,"column":18},"end":{"line":6,"column":19}},"loc":{"start":{"line":6,"column":30},"end":{"line":20,"column":1}},"line":6}},"branchMap":{},"s":{"0":1,"1":1,"2":1,"3":1,"4":1,"5":1,"6":1,"7":0,"8":0,"9":1},"f":{"0":1},"b":{},"_coverageSchema":"1a1c01bbd47fc00a2c39e90264f33305004495a9","hash":"732bb465ddf2e20b81e70f7022f7883e9f5cdd04"}
,"/home/eduardo/Área de Trabalho/MERN/middleware/auth.js": {"path":"/home/eduardo/Área de Trabalho/MERN/middleware/auth.js","statementMap":{"0":{"start":{"line":1,"column":12},"end":{"line":1,"column":35}},"1":{"start":{"line":2,"column":15},"end":{"line":2,"column":32}},"2":{"start":{"line":4,"column":0},"end":{"line":18,"column":1}},"3":{"start":{"line":5,"column":18},"end":{"line":5,"column":44}},"4":{"start":{"line":7,"column":4},"end":{"line":9,"column":5}},"5":{"start":{"line":8,"column":8},"end":{"line":8,"column":79}},"6":{"start":{"line":11,"column":4},"end":{"line":17,"column":5}},"7":{"start":{"line":12,"column":24},"end":{"line":12,"column":66}},"8":{"start":{"line":13,"column":8},"end":{"line":13,"column":32}},"9":{"start":{"line":14,"column":8},"end":{"line":14,"column":15}},"10":{"start":{"line":16,"column":8},"end":{"line":16,"column":60}}},"fnMap":{"0":{"name":"(anonymous_0)","decl":{"start":{"line":4,"column":17},"end":{"line":4,"column":18}},"loc":{"start":{"line":4,"column":42},"end":{"line":18,"column":1}},"line":4}},"branchMap":{"0":{"loc":{"start":{"line":7,"column":4},"end":{"line":9,"column":5}},"type":"if","locations":[{"start":{"line":7,"column":4},"end":{"line":9,"column":5}},{"start":{"line":7,"column":4},"end":{"line":9,"column":5}}],"line":7}},"s":{"0":1,"1":1,"2":1,"3":0,"4":0,"5":0,"6":0,"7":0,"8":0,"9":0,"10":0},"f":{"0":0},"b":{"0":[0,0]},"_coverageSchema":"1a1c01bbd47fc00a2c39e90264f33305004495a9","hash":"671f3ce48973ccf5d76df8d0b50e2bf782bc91b3"}
,"/home/eduardo/Área de Trabalho/MERN/models/user.js": {"path":"/home/eduardo/Área de Trabalho/MERN/models/user.js","statementMap":{"0":{"start":{"line":1,"column":17},"end":{"line":1,"column":36}},"1":{"start":{"line":3,"column":19},"end":{"line":24,"column":2}},"2":{"start":{"line":26,"column":0},"end":{"line":26,"column":58}}},"fnMap":{},"branchMap":{},"s":{"0":1,"1":1,"2":1},"f":{},"b":{},"_coverageSchema":"1a1c01bbd47fc00a2c39e90264f33305004495a9","hash":"2f63dc6b025d438a38dc4afcf3c0afccc1ad0a7d"}
,"/home/eduardo/Área de Trabalho/MERN/routes/api/auth.js": {"path":"/home/eduardo/Área de Trabalho/MERN/routes/api/auth.js","statementMap":{"0":{"start":{"line":1,"column":16},"end":{"line":1,"column":34}},"1":{"start":{"line":2,"column":15},"end":{"line":2,"column":31}},"2":{"start":{"line":3,"column":13},"end":{"line":3,"column":45}},"3":{"start":{"line":4,"column":13},"end":{"line":4,"column":41}},"4":{"start":{"line":9,"column":0},"end":{"line":17,"column":3}},"5":{"start":{"line":10,"column":4},"end":{"line":16,"column":5}},"6":{"start":{"line":11,"column":21},"end":{"line":11,"column":73}},"7":{"start":{"line":12,"column":8},"end":{"line":12,"column":23}},"8":{"start":{"line":14,"column":8},"end":{"line":14,"column":35}},"9":{"start":{"line":15,"column":8},"end":{"line":15,"column":45}},"10":{"start":{"line":19,"column":0},"end":{"line":19,"column":24}}},"fnMap":{"0":{"name":"(anonymous_0)","decl":{"start":{"line":9,"column":21},"end":{"line":9,"column":22}},"loc":{"start":{"line":9,"column":41},"end":{"line":17,"column":1}},"line":9}},"branchMap":{},"s":{"0":1,"1":1,"2":1,"3":1,"4":1,"5":0,"6":0,"7":0,"8":0,"9":0,"10":1},"f":{"0":0},"b":{},"_coverageSchema":"1a1c01bbd47fc00a2c39e90264f33305004495a9","hash":"d478c4a4da11fe37c21925dc4a460ea557a0d80e"}
,"/home/eduardo/Área de Trabalho/MERN/routes/api/posts.js": {"path":"/home/eduardo/Área de Trabalho/MERN/routes/api/posts.js","statementMap":{"0":{"start":{"line":1,"column":16},"end":{"line":1,"column":34}},"1":{"start":{"line":2,"column":15},"end":{"line":2,"column":31}},"2":{"start":{"line":7,"column":0},"end":{"line":7,"column":53}},"3":{"start":{"line":7,"column":30},"end":{"line":7,"column":52}},"4":{"start":{"line":9,"column":0},"end":{"line":9,"column":24}}},"fnMap":{"0":{"name":"(anonymous_0)","decl":{"start":{"line":7,"column":16},"end":{"line":7,"column":17}},"loc":{"start":{"line":7,"column":30},"end":{"line":7,"column":52}},"line":7}},"branchMap":{},"s":{"0":1,"1":1,"2":1,"3":0,"4":1},"f":{"0":0},"b":{},"_coverageSchema":"1a1c01bbd47fc00a2c39e90264f33305004495a9","hash":"93729e1aeae80b1c4f03e95223908d22d46a6293"}
,"/home/eduardo/Área de Trabalho/MERN/routes/api/profile.js": {"path":"/home/eduardo/Área de Trabalho/MERN/routes/api/profile.js","statementMap":{"0":{"start":{"line":1,"column":16},"end":{"line":1,"column":34}},"1":{"start":{"line":2,"column":15},"end":{"line":2,"column":31}},"2":{"start":{"line":7,"column":0},"end":{"line":7,"column":56}},"3":{"start":{"line":7,"column":30},"end":{"line":7,"column":55}},"4":{"start":{"line":9,"column":0},"end":{"line":9,"column":24}}},"fnMap":{"0":{"name":"(anonymous_0)","decl":{"start":{"line":7,"column":16},"end":{"line":7,"column":17}},"loc":{"start":{"line":7,"column":30},"end":{"line":7,"column":55}},"line":7}},"branchMap":{},"s":{"0":1,"1":1,"2":1,"3":0,"4":1},"f":{"0":0},"b":{},"_coverageSchema":"1a1c01bbd47fc00a2c39e90264f33305004495a9","hash":"2339ae21540ca108da56211ce2f762820c2484eb"}
,"/home/eduardo/Área de Trabalho/MERN/routes/api/users.js": {"path":"/home/eduardo/Área de Trabalho/MERN/routes/api/users.js","statementMap":{"0":{"start":{"line":1,"column":16},"end":{"line":1,"column":34}},"1":{"start":{"line":2,"column":15},"end":{"line":2,"column":31}},"2":{"start":{"line":3,"column":36},"end":{"line":3,"column":64}},"3":{"start":{"line":4,"column":17},"end":{"line":4,"column":36}},"4":{"start":{"line":5,"column":15},"end":{"line":5,"column":34}},"5":{"start":{"line":6,"column":15},"end":{"line":6,"column":32}},"6":{"start":{"line":7,"column":12},"end":{"line":7,"column":35}},"7":{"start":{"line":9,"column":13},"end":{"line":9,"column":41}},"8":{"start":{"line":13,"column":0},"end":{"line":79,"column":3}},"9":{"start":{"line":26,"column":22},"end":{"line":26,"column":43}},"10":{"start":{"line":27,"column":8},"end":{"line":29,"column":9}},"11":{"start":{"line":28,"column":12},"end":{"line":28,"column":68}},"12":{"start":{"line":31,"column":42},"end":{"line":31,"column":50}},"13":{"start":{"line":33,"column":8},"end":{"line":77,"column":9}},"14":{"start":{"line":34,"column":23},"end":{"line":34,"column":52}},"15":{"start":{"line":36,"column":12},"end":{"line":38,"column":13}},"16":{"start":{"line":37,"column":16},"end":{"line":37,"column":90}},"17":{"start":{"line":40,"column":27},"end":{"line":44,"column":14}},"18":{"start":{"line":46,"column":12},"end":{"line":51,"column":15}},"19":{"start":{"line":53,"column":25},"end":{"line":53,"column":49}},"20":{"start":{"line":55,"column":12},"end":{"line":55,"column":62}},"21":{"start":{"line":57,"column":12},"end":{"line":57,"column":30}},"22":{"start":{"line":59,"column":28},"end":{"line":63,"column":13}},"23":{"start":{"line":65,"column":12},"end":{"line":73,"column":14}},"24":{"start":{"line":70,"column":20},"end":{"line":70,"column":39}},"25":{"start":{"line":70,"column":29},"end":{"line":70,"column":39}},"26":{"start":{"line":71,"column":20},"end":{"line":71,"column":40}},"27":{"start":{"line":75,"column":12},"end":{"line":75,"column":39}},"28":{"start":{"line":76,"column":12},"end":{"line":76,"column":49}},"29":{"start":{"line":81,"column":0},"end":{"line":81,"column":24}}},"fnMap":{"0":{"name":"(anonymous_0)","decl":{"start":{"line":25,"column":4},"end":{"line":25,"column":5}},"loc":{"start":{"line":25,"column":24},"end":{"line":79,"column":1}},"line":25},"1":{"name":"(anonymous_1)","decl":{"start":{"line":69,"column":16},"end":{"line":69,"column":17}},"loc":{"start":{"line":69,"column":32},"end":{"line":72,"column":17}},"line":69}},"branchMap":{"0":{"loc":{"start":{"line":27,"column":8},"end":{"line":29,"column":9}},"type":"if","locations":[{"start":{"line":27,"column":8},"end":{"line":29,"column":9}},{"start":{"line":27,"column":8},"end":{"line":29,"column":9}}],"line":27},"1":{"loc":{"start":{"line":36,"column":12},"end":{"line":38,"column":13}},"type":"if","locations":[{"start":{"line":36,"column":12},"end":{"line":38,"column":13}},{"start":{"line":36,"column":12},"end":{"line":38,"column":13}}],"line":36},"2":{"loc":{"start":{"line":70,"column":20},"end":{"line":70,"column":39}},"type":"if","locations":[{"start":{"line":70,"column":20},"end":{"line":70,"column":39}},{"start":{"line":70,"column":20},"end":{"line":70,"column":39}}],"line":70}},"s":{"0":1,"1":1,"2":1,"3":1,"4":1,"5":1,"6":1,"7":1,"8":1,"9":3,"10":3,"11":0,"12":3,"13":3,"14":3,"15":3,"16":1,"17":2,"18":2,"19":2,"20":2,"21":2,"22":2,"23":2,"24":2,"25":0,"26":2,"27":0,"28":0,"29":1},"f":{"0":3,"1":2},"b":{"0":[0,3],"1":[1,2],"2":[0,2]},"_coverageSchema":"1a1c01bbd47fc00a2c39e90264f33305004495a9","hash":"b7b5c2c5fed8485643e07c70d6113603f2cc806f"}
}
