TN:
SF:app.js
FN:10,(anonymous_0)
FNF:1
FNH:1
FNDA:1,(anonymous_0)
DA:1,1
DA:2,1
DA:4,1
DA:6,1
DA:8,1
DA:10,1
DA:12,1
DA:13,1
DA:14,1
DA:15,1
DA:17,1
LF:11
LH:11
BRF:0
BRH:0
end_of_record
TN:
SF:config/db.js
FN:6,(anonymous_0)
FNF:1
FNH:1
FNDA:1,(anonymous_0)
DA:1,1
DA:2,1
DA:4,1
DA:6,1
DA:7,1
DA:8,1
DA:13,1
DA:16,0
DA:18,0
DA:22,1
LF:10
LH:8
BRF:0
BRH:0
end_of_record
TN:
SF:middleware/auth.js
FN:4,(anonymous_0)
FNF:1
FNH:0
FNDA:0,(anonymous_0)
DA:1,1
DA:2,1
DA:4,1
DA:5,0
DA:7,0
DA:8,0
DA:11,0
DA:12,0
DA:13,0
DA:14,0
DA:16,0
LF:11
LH:3
BRDA:7,0,0,0
BRDA:7,0,1,0
BRF:2
BRH:0
end_of_record
TN:
SF:models/user.js
FNF:0
FNH:0
DA:1,1
DA:3,1
DA:26,1
LF:3
LH:3
BRF:0
BRH:0
end_of_record
TN:
SF:routes/api/auth.js
FN:9,(anonymous_0)
FNF:1
FNH:0
FNDA:0,(anonymous_0)
DA:1,1
DA:2,1
DA:3,1
DA:4,1
DA:9,1
DA:10,0
DA:11,0
DA:12,0
DA:14,0
DA:15,0
DA:19,1
LF:11
LH:6
BRF:0
BRH:0
end_of_record
TN:
SF:routes/api/posts.js
FN:7,(anonymous_0)
FNF:1
FNH:0
FNDA:0,(anonymous_0)
DA:1,1
DA:2,1
DA:7,1
DA:9,1
LF:4
LH:4
BRF:0
BRH:0
end_of_record
TN:
SF:routes/api/profile.js
FN:7,(anonymous_0)
FNF:1
FNH:0
FNDA:0,(anonymous_0)
DA:1,1
DA:2,1
DA:7,1
DA:9,1
LF:4
LH:4
BRF:0
BRH:0
end_of_record
TN:
SF:routes/api/users.js
FN:25,(anonymous_0)
FN:69,(anonymous_1)
FNF:2
FNH:2
FNDA:3,(anonymous_0)
FNDA:2,(anonymous_1)
DA:1,1
DA:2,1
DA:3,1
DA:4,1
DA:5,1
DA:6,1
DA:7,1
DA:9,1
DA:13,1
DA:26,3
DA:27,3
DA:28,0
DA:31,3
DA:33,3
DA:34,3
DA:36,3
DA:37,1
DA:40,2
DA:46,2
DA:53,2
DA:55,2
DA:57,2
DA:59,2
DA:65,2
DA:70,2
DA:71,2
DA:75,0
DA:76,0
DA:81,1
LF:29
LH:26
BRDA:27,0,0,0
BRDA:27,0,1,3
BRDA:36,1,0,1
BRDA:36,1,1,2
BRDA:70,2,0,0
BRDA:70,2,1,2
BRF:6
BRH:4
end_of_record
